d:\amin\projects\touchpanel\cod\visualgdb\debug\touchpanel
d:\amin\projects\touchpanel\cod\visualgdb\debug\touchpanel.link.rsp
d:\amin\projects\touchpanel\cod\visualgdb\debug\touchpanel.mkbin.rsp
d:\amin\projects\touchpanel\cod\visualgdb\debug\touchpanel.bin
d:\amin\projects\touchpanel\cod\touchpanel\visualgdb\debug\adc.o
d:\amin\projects\touchpanel\cod\touchpanel\visualgdb\debug\add.o
d:\amin\projects\touchpanel\cod\touchpanel\visualgdb\debug\analogio.o
d:\amin\projects\touchpanel\cod\touchpanel\visualgdb\debug\arial.o
d:\amin\projects\touchpanel\cod\touchpanel\visualgdb\debug\back.o
d:\amin\projects\touchpanel\cod\touchpanel\visualgdb\debug\castellar47.o
d:\amin\projects\touchpanel\cod\touchpanel\visualgdb\debug\crc.o
d:\amin\projects\touchpanel\cod\touchpanel\visualgdb\debug\cur.o
d:\amin\projects\touchpanel\cod\touchpanel\visualgdb\debug\dac.o
d:\amin\projects\touchpanel\cod\touchpanel\visualgdb\debug\dma.o
d:\amin\projects\touchpanel\cod\touchpanel\visualgdb\debug\framewindlg.o
d:\amin\projects\touchpanel\cod\touchpanel\visualgdb\debug\fsmc.o
d:\amin\projects\touchpanel\cod\touchpanel\visualgdb\debug\ft5x16.o
d:\amin\projects\touchpanel\cod\touchpanel\visualgdb\debug\gpio.o
d:\amin\projects\touchpanel\cod\touchpanel\visualgdb\debug\guiconf.o
d:\amin\projects\touchpanel\cod\touchpanel\visualgdb\debug\guidrv_template.o
d:\amin\projects\touchpanel\cod\touchpanel\visualgdb\debug\gui_x.o
d:\amin\projects\touchpanel\cod\touchpanel\visualgdb\debug\gui_x_os.o
d:\amin\projects\touchpanel\cod\touchpanel\visualgdb\debug\hz16.o
d:\amin\projects\touchpanel\cod\touchpanel\visualgdb\debug\i2c.o
d:\amin\projects\touchpanel\cod\touchpanel\visualgdb\debug\icon.o
d:\amin\projects\touchpanel\cod\touchpanel\visualgdb\debug\iconboady.o
d:\amin\projects\touchpanel\cod\touchpanel\visualgdb\debug\iconinit.o
d:\amin\projects\touchpanel\cod\touchpanel\visualgdb\debug\latin48.o
d:\amin\projects\touchpanel\cod\touchpanel\visualgdb\debug\lcdconf_flexcolor_template.o
d:\amin\projects\touchpanel\cod\touchpanel\visualgdb\debug\lcd_driver.o
d:\amin\projects\touchpanel\cod\touchpanel\visualgdb\debug\logo.o
d:\amin\projects\touchpanel\cod\touchpanel\visualgdb\debug\main.o
d:\amin\projects\touchpanel\cod\touchpanel\visualgdb\debug\maintask.o
d:\amin\projects\touchpanel\cod\touchpanel\visualgdb\debug\mcp492x.o
d:\amin\projects\touchpanel\cod\touchpanel\visualgdb\debug\minus.o
d:\amin\projects\touchpanel\cod\touchpanel\visualgdb\debug\modern no.o
d:\amin\projects\touchpanel\cod\touchpanel\visualgdb\debug\modern no2.o
d:\amin\projects\touchpanel\cod\touchpanel\visualgdb\debug\modern54.o
d:\amin\projects\touchpanel\cod\touchpanel\visualgdb\debug\motor.o
d:\amin\projects\touchpanel\cod\touchpanel\visualgdb\debug\mytimer.o
d:\amin\projects\touchpanel\cod\touchpanel\visualgdb\debug\operations.o
d:\amin\projects\touchpanel\cod\touchpanel\visualgdb\debug\paramboady.o
d:\amin\projects\touchpanel\cod\touchpanel\visualgdb\debug\parameter.o
d:\amin\projects\touchpanel\cod\touchpanel\visualgdb\debug\paraminit.o
d:\amin\projects\touchpanel\cod\touchpanel\visualgdb\debug\rtc.o
d:\amin\projects\touchpanel\cod\touchpanel\visualgdb\debug\save.o
d:\amin\projects\touchpanel\cod\touchpanel\visualgdb\debug\settings.o
d:\amin\projects\touchpanel\cod\touchpanel\visualgdb\debug\simconf.o
d:\amin\projects\touchpanel\cod\touchpanel\visualgdb\debug\spi.o
d:\amin\projects\touchpanel\cod\touchpanel\visualgdb\debug\start.o
d:\amin\projects\touchpanel\cod\touchpanel\visualgdb\debug\startup_stm32f103xe.o
d:\amin\projects\touchpanel\cod\touchpanel\visualgdb\debug\stm32f1xx_hal.o
d:\amin\projects\touchpanel\cod\touchpanel\visualgdb\debug\stm32f1xx_hal_adc.o
d:\amin\projects\touchpanel\cod\touchpanel\visualgdb\debug\stm32f1xx_hal_adc_ex.o
d:\amin\projects\touchpanel\cod\touchpanel\visualgdb\debug\stm32f1xx_hal_cortex.o
d:\amin\projects\touchpanel\cod\touchpanel\visualgdb\debug\stm32f1xx_hal_crc.o
d:\amin\projects\touchpanel\cod\touchpanel\visualgdb\debug\stm32f1xx_hal_dac.o
d:\amin\projects\touchpanel\cod\touchpanel\visualgdb\debug\stm32f1xx_hal_dac_ex.o
d:\amin\projects\touchpanel\cod\touchpanel\visualgdb\debug\stm32f1xx_hal_dma.o
d:\amin\projects\touchpanel\cod\touchpanel\visualgdb\debug\stm32f1xx_hal_flash.o
d:\amin\projects\touchpanel\cod\touchpanel\visualgdb\debug\stm32f1xx_hal_flash_ex.o
d:\amin\projects\touchpanel\cod\touchpanel\visualgdb\debug\stm32f1xx_hal_gpio.o
d:\amin\projects\touchpanel\cod\touchpanel\visualgdb\debug\stm32f1xx_hal_gpio_ex.o
d:\amin\projects\touchpanel\cod\touchpanel\visualgdb\debug\stm32f1xx_hal_i2c.o
d:\amin\projects\touchpanel\cod\touchpanel\visualgdb\debug\stm32f1xx_hal_msp.o
d:\amin\projects\touchpanel\cod\touchpanel\visualgdb\debug\stm32f1xx_hal_pwr.o
d:\amin\projects\touchpanel\cod\touchpanel\visualgdb\debug\stm32f1xx_hal_rcc.o
d:\amin\projects\touchpanel\cod\touchpanel\visualgdb\debug\stm32f1xx_hal_rcc_ex.o
d:\amin\projects\touchpanel\cod\touchpanel\visualgdb\debug\stm32f1xx_hal_rtc.o
d:\amin\projects\touchpanel\cod\touchpanel\visualgdb\debug\stm32f1xx_hal_rtc_ex.o
d:\amin\projects\touchpanel\cod\touchpanel\visualgdb\debug\stm32f1xx_hal_spi.o
d:\amin\projects\touchpanel\cod\touchpanel\visualgdb\debug\stm32f1xx_hal_spi_ex.o
d:\amin\projects\touchpanel\cod\touchpanel\visualgdb\debug\stm32f1xx_hal_sram.o
d:\amin\projects\touchpanel\cod\touchpanel\visualgdb\debug\stm32f1xx_hal_tim.o
d:\amin\projects\touchpanel\cod\touchpanel\visualgdb\debug\stm32f1xx_hal_tim_ex.o
d:\amin\projects\touchpanel\cod\touchpanel\visualgdb\debug\stm32f1xx_hal_uart.o
d:\amin\projects\touchpanel\cod\touchpanel\visualgdb\debug\stm32f1xx_it.o
d:\amin\projects\touchpanel\cod\touchpanel\visualgdb\debug\stm32f1xx_ll_fsmc.o
d:\amin\projects\touchpanel\cod\touchpanel\visualgdb\debug\stop.o
d:\amin\projects\touchpanel\cod\touchpanel\visualgdb\debug\stopwatch.o
d:\amin\projects\touchpanel\cod\touchpanel\visualgdb\debug\system_stm32f1xx.o
d:\amin\projects\touchpanel\cod\touchpanel\visualgdb\debug\tim.o
d:\amin\projects\touchpanel\cod\touchpanel\visualgdb\debug\usart.o
d:\amin\projects\touchpanel\cod\touchpanel\visualgdb\debug\volt.o
d:\amin\projects\touchpanel\cod\touchpanel\visualgdb\debug\adc.dep
d:\amin\projects\touchpanel\cod\touchpanel\visualgdb\debug\add.dep
d:\amin\projects\touchpanel\cod\touchpanel\visualgdb\debug\analogio.dep
d:\amin\projects\touchpanel\cod\touchpanel\visualgdb\debug\arial.dep
d:\amin\projects\touchpanel\cod\touchpanel\visualgdb\debug\back.dep
d:\amin\projects\touchpanel\cod\touchpanel\visualgdb\debug\castellar47.dep
d:\amin\projects\touchpanel\cod\touchpanel\visualgdb\debug\crc.dep
d:\amin\projects\touchpanel\cod\touchpanel\visualgdb\debug\cur.dep
d:\amin\projects\touchpanel\cod\touchpanel\visualgdb\debug\dac.dep
d:\amin\projects\touchpanel\cod\touchpanel\visualgdb\debug\dma.dep
d:\amin\projects\touchpanel\cod\touchpanel\visualgdb\debug\framewindlg.dep
d:\amin\projects\touchpanel\cod\touchpanel\visualgdb\debug\fsmc.dep
d:\amin\projects\touchpanel\cod\touchpanel\visualgdb\debug\ft5x16.dep
d:\amin\projects\touchpanel\cod\touchpanel\visualgdb\debug\gpio.dep
d:\amin\projects\touchpanel\cod\touchpanel\visualgdb\debug\guiconf.dep
d:\amin\projects\touchpanel\cod\touchpanel\visualgdb\debug\guidrv_template.dep
d:\amin\projects\touchpanel\cod\touchpanel\visualgdb\debug\gui_x.dep
d:\amin\projects\touchpanel\cod\touchpanel\visualgdb\debug\gui_x_os.dep
d:\amin\projects\touchpanel\cod\touchpanel\visualgdb\debug\hz16.dep
d:\amin\projects\touchpanel\cod\touchpanel\visualgdb\debug\i2c.dep
d:\amin\projects\touchpanel\cod\touchpanel\visualgdb\debug\icon.dep
d:\amin\projects\touchpanel\cod\touchpanel\visualgdb\debug\iconboady.dep
d:\amin\projects\touchpanel\cod\touchpanel\visualgdb\debug\iconinit.dep
d:\amin\projects\touchpanel\cod\touchpanel\visualgdb\debug\latin48.dep
d:\amin\projects\touchpanel\cod\touchpanel\visualgdb\debug\lcdconf_flexcolor_template.dep
d:\amin\projects\touchpanel\cod\touchpanel\visualgdb\debug\lcd_driver.dep
d:\amin\projects\touchpanel\cod\touchpanel\visualgdb\debug\logo.dep
d:\amin\projects\touchpanel\cod\touchpanel\visualgdb\debug\main.dep
d:\amin\projects\touchpanel\cod\touchpanel\visualgdb\debug\maintask.dep
d:\amin\projects\touchpanel\cod\touchpanel\visualgdb\debug\mcp492x.dep
d:\amin\projects\touchpanel\cod\touchpanel\visualgdb\debug\minus.dep
d:\amin\projects\touchpanel\cod\touchpanel\visualgdb\debug\modern no.dep
d:\amin\projects\touchpanel\cod\touchpanel\visualgdb\debug\modern no2.dep
d:\amin\projects\touchpanel\cod\touchpanel\visualgdb\debug\modern54.dep
d:\amin\projects\touchpanel\cod\touchpanel\visualgdb\debug\motor.dep
d:\amin\projects\touchpanel\cod\touchpanel\visualgdb\debug\mytimer.dep
d:\amin\projects\touchpanel\cod\touchpanel\visualgdb\debug\operations.dep
d:\amin\projects\touchpanel\cod\touchpanel\visualgdb\debug\paramboady.dep
d:\amin\projects\touchpanel\cod\touchpanel\visualgdb\debug\parameter.dep
d:\amin\projects\touchpanel\cod\touchpanel\visualgdb\debug\paraminit.dep
d:\amin\projects\touchpanel\cod\touchpanel\visualgdb\debug\rtc.dep
d:\amin\projects\touchpanel\cod\touchpanel\visualgdb\debug\save.dep
d:\amin\projects\touchpanel\cod\touchpanel\visualgdb\debug\settings.dep
d:\amin\projects\touchpanel\cod\touchpanel\visualgdb\debug\simconf.dep
d:\amin\projects\touchpanel\cod\touchpanel\visualgdb\debug\spi.dep
d:\amin\projects\touchpanel\cod\touchpanel\visualgdb\debug\start.dep
d:\amin\projects\touchpanel\cod\touchpanel\visualgdb\debug\startup_stm32f103xe.dep
d:\amin\projects\touchpanel\cod\touchpanel\visualgdb\debug\stm32f1xx_hal.dep
d:\amin\projects\touchpanel\cod\touchpanel\visualgdb\debug\stm32f1xx_hal_adc.dep
d:\amin\projects\touchpanel\cod\touchpanel\visualgdb\debug\stm32f1xx_hal_adc_ex.dep
d:\amin\projects\touchpanel\cod\touchpanel\visualgdb\debug\stm32f1xx_hal_cortex.dep
d:\amin\projects\touchpanel\cod\touchpanel\visualgdb\debug\stm32f1xx_hal_crc.dep
d:\amin\projects\touchpanel\cod\touchpanel\visualgdb\debug\stm32f1xx_hal_dac.dep
d:\amin\projects\touchpanel\cod\touchpanel\visualgdb\debug\stm32f1xx_hal_dac_ex.dep
d:\amin\projects\touchpanel\cod\touchpanel\visualgdb\debug\stm32f1xx_hal_dma.dep
d:\amin\projects\touchpanel\cod\touchpanel\visualgdb\debug\stm32f1xx_hal_flash.dep
d:\amin\projects\touchpanel\cod\touchpanel\visualgdb\debug\stm32f1xx_hal_flash_ex.dep
d:\amin\projects\touchpanel\cod\touchpanel\visualgdb\debug\stm32f1xx_hal_gpio.dep
d:\amin\projects\touchpanel\cod\touchpanel\visualgdb\debug\stm32f1xx_hal_gpio_ex.dep
d:\amin\projects\touchpanel\cod\touchpanel\visualgdb\debug\stm32f1xx_hal_i2c.dep
d:\amin\projects\touchpanel\cod\touchpanel\visualgdb\debug\stm32f1xx_hal_msp.dep
d:\amin\projects\touchpanel\cod\touchpanel\visualgdb\debug\stm32f1xx_hal_pwr.dep
d:\amin\projects\touchpanel\cod\touchpanel\visualgdb\debug\stm32f1xx_hal_rcc.dep
d:\amin\projects\touchpanel\cod\touchpanel\visualgdb\debug\stm32f1xx_hal_rcc_ex.dep
d:\amin\projects\touchpanel\cod\touchpanel\visualgdb\debug\stm32f1xx_hal_rtc.dep
d:\amin\projects\touchpanel\cod\touchpanel\visualgdb\debug\stm32f1xx_hal_rtc_ex.dep
d:\amin\projects\touchpanel\cod\touchpanel\visualgdb\debug\stm32f1xx_hal_spi.dep
d:\amin\projects\touchpanel\cod\touchpanel\visualgdb\debug\stm32f1xx_hal_spi_ex.dep
d:\amin\projects\touchpanel\cod\touchpanel\visualgdb\debug\stm32f1xx_hal_sram.dep
d:\amin\projects\touchpanel\cod\touchpanel\visualgdb\debug\stm32f1xx_hal_tim.dep
d:\amin\projects\touchpanel\cod\touchpanel\visualgdb\debug\stm32f1xx_hal_tim_ex.dep
d:\amin\projects\touchpanel\cod\touchpanel\visualgdb\debug\stm32f1xx_hal_uart.dep
d:\amin\projects\touchpanel\cod\touchpanel\visualgdb\debug\stm32f1xx_it.dep
d:\amin\projects\touchpanel\cod\touchpanel\visualgdb\debug\stm32f1xx_ll_fsmc.dep
d:\amin\projects\touchpanel\cod\touchpanel\visualgdb\debug\stop.dep
d:\amin\projects\touchpanel\cod\touchpanel\visualgdb\debug\stopwatch.dep
d:\amin\projects\touchpanel\cod\touchpanel\visualgdb\debug\system_stm32f1xx.dep
d:\amin\projects\touchpanel\cod\touchpanel\visualgdb\debug\tim.dep
d:\amin\projects\touchpanel\cod\touchpanel\visualgdb\debug\usart.dep
d:\amin\projects\touchpanel\cod\touchpanel\visualgdb\debug\volt.dep
d:\amin\projects\touchpanel\cod\touchpanel\visualgdb\debug\adc.gcc.rsp
d:\amin\projects\touchpanel\cod\touchpanel\visualgdb\debug\add.gcc.rsp
d:\amin\projects\touchpanel\cod\touchpanel\visualgdb\debug\analogio.gcc.rsp
d:\amin\projects\touchpanel\cod\touchpanel\visualgdb\debug\arial.gcc.rsp
d:\amin\projects\touchpanel\cod\touchpanel\visualgdb\debug\back.gcc.rsp
d:\amin\projects\touchpanel\cod\touchpanel\visualgdb\debug\castellar47.gcc.rsp
d:\amin\projects\touchpanel\cod\touchpanel\visualgdb\debug\crc.gcc.rsp
d:\amin\projects\touchpanel\cod\touchpanel\visualgdb\debug\cur.gcc.rsp
d:\amin\projects\touchpanel\cod\touchpanel\visualgdb\debug\dac.gcc.rsp
d:\amin\projects\touchpanel\cod\touchpanel\visualgdb\debug\dma.gcc.rsp
d:\amin\projects\touchpanel\cod\touchpanel\visualgdb\debug\framewindlg.gcc.rsp
d:\amin\projects\touchpanel\cod\touchpanel\visualgdb\debug\fsmc.gcc.rsp
d:\amin\projects\touchpanel\cod\touchpanel\visualgdb\debug\ft5x16.gcc.rsp
d:\amin\projects\touchpanel\cod\touchpanel\visualgdb\debug\gpio.gcc.rsp
d:\amin\projects\touchpanel\cod\touchpanel\visualgdb\debug\guiconf.gcc.rsp
d:\amin\projects\touchpanel\cod\touchpanel\visualgdb\debug\guidrv_template.gcc.rsp
d:\amin\projects\touchpanel\cod\touchpanel\visualgdb\debug\gui_x.gcc.rsp
d:\amin\projects\touchpanel\cod\touchpanel\visualgdb\debug\gui_x_os.gcc.rsp
d:\amin\projects\touchpanel\cod\touchpanel\visualgdb\debug\hz16.gcc.rsp
d:\amin\projects\touchpanel\cod\touchpanel\visualgdb\debug\i2c.gcc.rsp
d:\amin\projects\touchpanel\cod\touchpanel\visualgdb\debug\icon.gcc.rsp
d:\amin\projects\touchpanel\cod\touchpanel\visualgdb\debug\iconboady.gcc.rsp
d:\amin\projects\touchpanel\cod\touchpanel\visualgdb\debug\iconinit.gcc.rsp
d:\amin\projects\touchpanel\cod\touchpanel\visualgdb\debug\latin48.gcc.rsp
d:\amin\projects\touchpanel\cod\touchpanel\visualgdb\debug\lcdconf_flexcolor_template.gcc.rsp
d:\amin\projects\touchpanel\cod\touchpanel\visualgdb\debug\lcdconf_lin_template.gcc.rsp
d:\amin\projects\touchpanel\cod\touchpanel\visualgdb\debug\lcd_driver.gcc.rsp
d:\amin\projects\touchpanel\cod\touchpanel\visualgdb\debug\logo.gcc.rsp
d:\amin\projects\touchpanel\cod\touchpanel\visualgdb\debug\main.gcc.rsp
d:\amin\projects\touchpanel\cod\touchpanel\visualgdb\debug\maintask.gcc.rsp
d:\amin\projects\touchpanel\cod\touchpanel\visualgdb\debug\mcp492x.gcc.rsp
d:\amin\projects\touchpanel\cod\touchpanel\visualgdb\debug\minus.gcc.rsp
d:\amin\projects\touchpanel\cod\touchpanel\visualgdb\debug\modern no.gcc.rsp
d:\amin\projects\touchpanel\cod\touchpanel\visualgdb\debug\modern no2.gcc.rsp
d:\amin\projects\touchpanel\cod\touchpanel\visualgdb\debug\modern54.gcc.rsp
d:\amin\projects\touchpanel\cod\touchpanel\visualgdb\debug\motor.gcc.rsp
d:\amin\projects\touchpanel\cod\touchpanel\visualgdb\debug\mytimer.gcc.rsp
d:\amin\projects\touchpanel\cod\touchpanel\visualgdb\debug\operations.gcc.rsp
d:\amin\projects\touchpanel\cod\touchpanel\visualgdb\debug\paramboady.gcc.rsp
d:\amin\projects\touchpanel\cod\touchpanel\visualgdb\debug\parameter.gcc.rsp
d:\amin\projects\touchpanel\cod\touchpanel\visualgdb\debug\paraminit.gcc.rsp
d:\amin\projects\touchpanel\cod\touchpanel\visualgdb\debug\rtc.gcc.rsp
d:\amin\projects\touchpanel\cod\touchpanel\visualgdb\debug\save.gcc.rsp
d:\amin\projects\touchpanel\cod\touchpanel\visualgdb\debug\settings.gcc.rsp
d:\amin\projects\touchpanel\cod\touchpanel\visualgdb\debug\simconf.gcc.rsp
d:\amin\projects\touchpanel\cod\touchpanel\visualgdb\debug\spi.gcc.rsp
d:\amin\projects\touchpanel\cod\touchpanel\visualgdb\debug\start.gcc.rsp
d:\amin\projects\touchpanel\cod\touchpanel\visualgdb\debug\startup_stm32f103xe.gcc.rsp
d:\amin\projects\touchpanel\cod\touchpanel\visualgdb\debug\stm32f1xx_hal.gcc.rsp
d:\amin\projects\touchpanel\cod\touchpanel\visualgdb\debug\stm32f1xx_hal_adc.gcc.rsp
d:\amin\projects\touchpanel\cod\touchpanel\visualgdb\debug\stm32f1xx_hal_adc_ex.gcc.rsp
d:\amin\projects\touchpanel\cod\touchpanel\visualgdb\debug\stm32f1xx_hal_cortex.gcc.rsp
d:\amin\projects\touchpanel\cod\touchpanel\visualgdb\debug\stm32f1xx_hal_crc.gcc.rsp
d:\amin\projects\touchpanel\cod\touchpanel\visualgdb\debug\stm32f1xx_hal_dac.gcc.rsp
d:\amin\projects\touchpanel\cod\touchpanel\visualgdb\debug\stm32f1xx_hal_dac_ex.gcc.rsp
d:\amin\projects\touchpanel\cod\touchpanel\visualgdb\debug\stm32f1xx_hal_dma.gcc.rsp
d:\amin\projects\touchpanel\cod\touchpanel\visualgdb\debug\stm32f1xx_hal_flash.gcc.rsp
d:\amin\projects\touchpanel\cod\touchpanel\visualgdb\debug\stm32f1xx_hal_flash_ex.gcc.rsp
d:\amin\projects\touchpanel\cod\touchpanel\visualgdb\debug\stm32f1xx_hal_gpio.gcc.rsp
d:\amin\projects\touchpanel\cod\touchpanel\visualgdb\debug\stm32f1xx_hal_gpio_ex.gcc.rsp
d:\amin\projects\touchpanel\cod\touchpanel\visualgdb\debug\stm32f1xx_hal_i2c.gcc.rsp
d:\amin\projects\touchpanel\cod\touchpanel\visualgdb\debug\stm32f1xx_hal_msp.gcc.rsp
d:\amin\projects\touchpanel\cod\touchpanel\visualgdb\debug\stm32f1xx_hal_pwr.gcc.rsp
d:\amin\projects\touchpanel\cod\touchpanel\visualgdb\debug\stm32f1xx_hal_rcc.gcc.rsp
d:\amin\projects\touchpanel\cod\touchpanel\visualgdb\debug\stm32f1xx_hal_rcc_ex.gcc.rsp
d:\amin\projects\touchpanel\cod\touchpanel\visualgdb\debug\stm32f1xx_hal_rtc.gcc.rsp
d:\amin\projects\touchpanel\cod\touchpanel\visualgdb\debug\stm32f1xx_hal_rtc_ex.gcc.rsp
d:\amin\projects\touchpanel\cod\touchpanel\visualgdb\debug\stm32f1xx_hal_spi.gcc.rsp
d:\amin\projects\touchpanel\cod\touchpanel\visualgdb\debug\stm32f1xx_hal_spi_ex.gcc.rsp
d:\amin\projects\touchpanel\cod\touchpanel\visualgdb\debug\stm32f1xx_hal_sram.gcc.rsp
d:\amin\projects\touchpanel\cod\touchpanel\visualgdb\debug\stm32f1xx_hal_tim.gcc.rsp
d:\amin\projects\touchpanel\cod\touchpanel\visualgdb\debug\stm32f1xx_hal_tim_ex.gcc.rsp
d:\amin\projects\touchpanel\cod\touchpanel\visualgdb\debug\stm32f1xx_hal_uart.gcc.rsp
d:\amin\projects\touchpanel\cod\touchpanel\visualgdb\debug\stm32f1xx_it.gcc.rsp
d:\amin\projects\touchpanel\cod\touchpanel\visualgdb\debug\stm32f1xx_ll_fsmc.gcc.rsp
d:\amin\projects\touchpanel\cod\touchpanel\visualgdb\debug\stop.gcc.rsp
d:\amin\projects\touchpanel\cod\touchpanel\visualgdb\debug\stopwatch.gcc.rsp
d:\amin\projects\touchpanel\cod\touchpanel\visualgdb\debug\system_stm32f1xx.gcc.rsp
d:\amin\projects\touchpanel\cod\touchpanel\visualgdb\debug\tim.gcc.rsp
d:\amin\projects\touchpanel\cod\touchpanel\visualgdb\debug\usart.gcc.rsp
d:\amin\projects\touchpanel\cod\touchpanel\visualgdb\debug\volt.gcc.rsp
d:\amin\projects\touchpanel\cod\touchpanel\visualgdb\debug\touchpanel.alldeps
